# JRE version: Java(TM) SE Runtime Environment (8.0_65-b17) (build 1.8.0_65-b17)
# Java VM: Java HotSpot(TM) 64-Bit Server VM (25.65-b01 mixed mode windows-amd64 compressed oops)
Heap:
 PSYoungGen      total 135168K, used 69426K [0x00000000d7200000, 0x00000000e6800000, 0x0000000100000000)
  eden space 126976K, 48% used [0x00000000d7200000,0x00000000dadd3a00,0x00000000dee00000)
  from space 8192K, 99% used [0x00000000dee00000,0x00000000df5f91a0,0x00000000df600000)
  to   space 10240K, 60% used [0x00000000e5e00000,0x00000000e6400020,0x00000000e6800000)
 ParOldGen       total 45056K, used 8366K [0x0000000085600000, 0x0000000088200000, 0x00000000d7200000)
  object space 45056K, 18% used [0x0000000085600000,0x0000000085e2baa8,0x0000000088200000)
 Metaspace       used 33518K, capacity 35386K, committed 35416K, reserved 1079296K
  class space    used 4376K, capacity 4717K, committed 4736K, reserved 1048576K
GC Heap History (10 events):
Event: 2.257 GC heap after
Heap after GC invocations=4 (full 0):
 PSYoungGen      total 68608K, used 4320K [0x00000000d7200000, 0x00000000dba00000, 0x0000000100000000)
  eden space 63488K, 0% used [0x00000000d7200000,0x00000000d7200000,0x00000000db000000)
  from space 5120K, 84% used [0x00000000db500000,0x00000000db938180,0x00000000dba00000)
  to   space 5120K, 0% used [0x00000000db000000,0x00000000db000000,0x00000000db500000)
 ParOldGen       total 84992K, used 3857K [0x0000000085600000, 0x000000008a900000, 0x00000000d7200000)
  object space 84992K, 4% used [0x0000000085600000,0x00000000859c4730,0x000000008a900000)
 Metaspace       used 18375K, capacity 19028K, committed 19200K, reserved 1067008K
  class space    used 2297K, capacity 2452K, committed 2560K, reserved 1048576K
}
Event: 2.474 GC heap before
{Heap before GC invocations=5 (full 0):
 PSYoungGen      total 68608K, used 67808K [0x00000000d7200000, 0x00000000dba00000, 0x0000000100000000)
  eden space 63488K, 100% used [0x00000000d7200000,0x00000000db000000,0x00000000db000000)
  from space 5120K, 84% used [0x00000000db500000,0x00000000db938180,0x00000000dba00000)
  to   space 5120K, 0% used [0x00000000db000000,0x00000000db000000,0x00000000db500000)
 ParOldGen       total 84992K, used 3857K [0x0000000085600000, 0x000000008a900000, 0x00000000d7200000)
  object space 84992K, 4% used [0x0000000085600000,0x00000000859c4730,0x000000008a900000)
 Metaspace       used 19702K, capacity 20458K, committed 20608K, reserved 1067008K
  class space    used 2435K, capacity 2649K, committed 2688K, reserved 1048576K
Event: 2.479 GC heap after
Heap after GC invocations=5 (full 0):
 PSYoungGen      total 68608K, used 5098K [0x00000000d7200000, 0x00000000dff00000, 0x0000000100000000)
  eden space 63488K, 0% used [0x00000000d7200000,0x00000000d7200000,0x00000000db000000)
  from space 5120K, 99% used [0x00000000db000000,0x00000000db4fabb0,0x00000000db500000)
  to   space 8704K, 0% used [0x00000000df680000,0x00000000df680000,0x00000000dff00000)
 ParOldGen       total 84992K, used 5467K [0x0000000085600000, 0x000000008a900000, 0x00000000d7200000)
  object space 84992K, 6% used [0x0000000085600000,0x0000000085b56e00,0x000000008a900000)
 Metaspace       used 19702K, capacity 20458K, committed 20608K, reserved 1067008K
  class space    used 2435K, capacity 2649K, committed 2688K, reserved 1048576K
}
Event: 2.587 GC heap before
{Heap before GC invocations=6 (full 0):
 PSYoungGen      total 68608K, used 48495K [0x00000000d7200000, 0x00000000dff00000, 0x0000000100000000)
  eden space 63488K, 68% used [0x00000000d7200000,0x00000000d9c61180,0x00000000db000000)
  from space 5120K, 99% used [0x00000000db000000,0x00000000db4fabb0,0x00000000db500000)
  to   space 8704K, 0% used [0x00000000df680000,0x00000000df680000,0x00000000dff00000)
 ParOldGen       total 84992K, used 5467K [0x0000000085600000, 0x000000008a900000, 0x00000000d7200000)
  object space 84992K, 6% used [0x0000000085600000,0x0000000085b56e00,0x000000008a900000)
 Metaspace       used 20334K, capacity 21128K, committed 21248K, reserved 1067008K
  class space    used 2524K, capacity 2708K, committed 2816K, reserved 1048576K
Event: 2.594 GC heap after
Heap after GC invocations=6 (full 0):
 PSYoungGen      total 134656K, used 5672K [0x00000000d7200000, 0x00000000dfe00000, 0x0000000100000000)
  eden space 126976K, 0% used [0x00000000d7200000,0x00000000d7200000,0x00000000dee00000)
  from space 7680K, 73% used [0x00000000df680000,0x00000000dfc0a1a0,0x00000000dfe00000)
  to   space 8192K, 0% used [0x00000000dee00000,0x00000000dee00000,0x00000000df600000)
 ParOldGen       total 84992K, used 5475K [0x0000000085600000, 0x000000008a900000, 0x00000000d7200000)
  object space 84992K, 6% used [0x0000000085600000,0x0000000085b58e00,0x000000008a900000)
 Metaspace       used 20334K, capacity 21128K, committed 21248K, reserved 1067008K
  class space    used 2524K, capacity 2708K, committed 2816K, reserved 1048576K
}
Event: 2.594 GC heap before
{Heap before GC invocations=7 (full 1):
 PSYoungGen      total 134656K, used 5672K [0x00000000d7200000, 0x00000000dfe00000, 0x0000000100000000)
  eden space 126976K, 0% used [0x00000000d7200000,0x00000000d7200000,0x00000000dee00000)
  from space 7680K, 73% used [0x00000000df680000,0x00000000dfc0a1a0,0x00000000dfe00000)
  to   space 8192K, 0% used [0x00000000dee00000,0x00000000dee00000,0x00000000df600000)
 ParOldGen       total 84992K, used 5475K [0x0000000085600000, 0x000000008a900000, 0x00000000d7200000)
  object space 84992K, 6% used [0x0000000085600000,0x0000000085b58e00,0x000000008a900000)
 Metaspace       used 20334K, capacity 21128K, committed 21248K, reserved 1067008K
  class space    used 2524K, capacity 2708K, committed 2816K, reserved 1048576K
Event: 2.619 GC heap after
Heap after GC invocations=7 (full 1):
 PSYoungGen      total 134656K, used 0K [0x00000000d7200000, 0x00000000dfe00000, 0x0000000100000000)
  eden space 126976K, 0% used [0x00000000d7200000,0x00000000d7200000,0x00000000dee00000)
  from space 7680K, 0% used [0x00000000df680000,0x00000000df680000,0x00000000dfe00000)
  to   space 8192K, 0% used [0x00000000dee00000,0x00000000dee00000,0x00000000df600000)
 ParOldGen       total 45056K, used 5675K [0x0000000085600000, 0x0000000088200000, 0x00000000d7200000)
  object space 45056K, 12% used [0x0000000085600000,0x0000000085b8ac40,0x0000000088200000)
 Metaspace       used 20332K, capacity 21122K, committed 21248K, reserved 1067008K
  class space    used 2523K, capacity 2707K, committed 2816K, reserved 1048576K
}
Event: 4.934 GC heap before
{Heap before GC invocations=8 (full 1):
 PSYoungGen      total 134656K, used 126976K [0x00000000d7200000, 0x00000000dfe00000, 0x0000000100000000)
  eden space 126976K, 100% used [0x00000000d7200000,0x00000000dee00000,0x00000000dee00000)
  from space 7680K, 0% used [0x00000000df680000,0x00000000df680000,0x00000000dfe00000)
  to   space 8192K, 0% used [0x00000000dee00000,0x00000000dee00000,0x00000000df600000)
 ParOldGen       total 45056K, used 5675K [0x0000000085600000, 0x0000000088200000, 0x00000000d7200000)
  object space 45056K, 12% used [0x0000000085600000,0x0000000085b8ac40,0x0000000088200000)
 Metaspace       used 28777K, capacity 30418K, committed 30720K, reserved 1075200K
  class space    used 3685K, capacity 3975K, committed 4096K, reserved 1048576K
Event: 4.943 GC heap after
Heap after GC invocations=8 (full 1):
 PSYoungGen      total 135168K, used 8164K [0x00000000d7200000, 0x00000000e6800000, 0x0000000100000000)
  eden space 126976K, 0% used [0x00000000d7200000,0x00000000d7200000,0x00000000dee00000)
  from space 8192K, 99% used [0x00000000dee00000,0x00000000df5f91a0,0x00000000df600000)
  to   space 10240K, 0% used [0x00000000e5e00000,0x00000000e5e00000,0x00000000e6800000)
 ParOldGen       total 45056K, used 8358K [0x0000000085600000, 0x0000000088200000, 0x00000000d7200000)
  object space 45056K, 18% used [0x0000000085600000,0x0000000085e29aa8,0x0000000088200000)
 Metaspace       used 28777K, capacity 30418K, committed 30720K, reserved 1075200K
  class space    used 3685K, capacity 3975K, committed 4096K, reserved 1048576K
}
Event: 5.449 GC heap before
{Heap before GC invocations=9 (full 1):
 PSYoungGen      total 135168K, used 69426K [0x00000000d7200000, 0x00000000e6800000, 0x0000000100000000)
  eden space 126976K, 48% used [0x00000000d7200000,0x00000000dadd3a00,0x00000000dee00000)
  from space 8192K, 99% used [0x00000000dee00000,0x00000000df5f91a0,0x00000000df600000)
  to   space 10240K, 0% used [0x00000000e5e00000,0x00000000e5e00000,0x00000000e6800000)
 ParOldGen       total 45056K, used 8358K [0x0000000085600000, 0x0000000088200000, 0x00000000d7200000)
  object space 45056K, 18% used [0x0000000085600000,0x0000000085e29aa8,0x0000000088200000)
 Metaspace       used 33518K, capacity 35386K, committed 35416K, reserved 1079296K
  class space    used 4376K, capacity 4717K, committed 4736K, reserved 1048576K

